#
# There is insufficient memory for the Java Runtime Environment to continue.
# Native memory allocation (malloc) failed to allocate 1048576 bytes for AllocateHeap
# Possible reasons:
#   The system is out of physical RAM or swap space
#   In 32 bit mode, the process size limit was hit
# Possible solutions:
#   Reduce memory load on the system
#   Increase physical memory or swap space
#   Check if swap backing store is full
#   Use 64 bit Java on a 64 bit OS
#   Decrease Java heap size (-Xmx/-Xms)
#   Decrease number of Java threads
#   Decrease Java thread stack sizes (-Xss)
#   Set larger code cache with -XX:ReservedCodeCacheSize=
# This output file may be truncated or incomplete.
#
#  Out of Memory Error (memory/allocation.inline.hpp:61), pid=3244, tid=0x0000000000000bac
#
# JRE version:  (8.0_121-b13) (build )
# Java VM: Java HotSpot(TM) 64-Bit Server VM (25.121-b13 mixed mode windows-amd64 compressed oops)
# Failed to write core dump. Minidumps are not enabled by default on client versions of Windows
#

---------------  T H R E A D  ---------------

Current thread (0x0000000004d4e000):  JavaThread "Unknown thread" [_thread_in_vm, id=2988, stack(0x0000000005110000,0x0000000005210000)]

Stack: [0x0000000005110000,0x0000000005210000]
[error occurred during error reporting (printing stack bounds), id 0xc0000005]

Native frames: (J=compiled Java code, j=interpreted, Vv=VM code, C=native code)


---------------  P R O C E S S  ---------------

Java Threads: ( => current thread )

Other Threads:

=>0x0000000004d4e000 (exited) JavaThread "Unknown thread" [_thread_in_vm, id=2988, stack(0x0000000005110000,0x0000000005210000)]

VM state:not at safepoint (normal execution)

VM Mutex/Monitor currently owned by a thread: None

Heap:
 PSYoungGen      total 38400K, used 665K [0x00000000d5c00000, 0x00000000d8680000, 0x0000000100000000)
  eden space 33280K, 2% used [0x00000000d5c00000,0x00000000d5ca6670,0x00000000d7c80000)
  from space 5120K, 0% used [0x00000000d8180000,0x00000000d8180000,0x00000000d8680000)
  to   space 5120K, 0% used [0x00000000d7c80000,0x00000000d7c80000,0x00000000d8180000)
 ParOldGen       total 87552K, used 0K [0x0000000081400000, 0x0000000086980000, 0x00000000d5c00000)
  object space 87552K, 0% used [0x0000000081400000,0x0000000081400000,0x0000000086980000)
 Metaspace       used 770K, capacity 4480K, committed 4480K, reserved 1056768K
  class space    used 75K, capacity 384K, committed 384K, reserved 1048576K

Card table byte_map: [0x0000000014830000,0x0000000014c30000] byte_map_base: 0x0000000014426000

Marking Bits: (ParMarkBitMap*) 0x000000006abfb6d0
 Begin Bits: [0x00000000152e0000, 0x0000000017290000)
 End Bits:   [0x0000000017290000, 0x0000000019240000)

Polling page: 0x00000000033d0000

CodeCache: size=245760Kb used=328Kb max_used=328Kb free=245431Kb
 bounds [0x0000000005470000, 0x00000000056e0000, 0x0000000014470000]
 total_blobs=58 nmethods=0 adapters=38
 compilation: enabled

Compilation events (0 events):
No events

GC Heap History (0 events):
No events

Deoptimization events (0 events):
No events

Internal exceptions (0 events):
No events

Events (10 events):
Event: 0.040 loading class java/lang/Short
Event: 0.040 loading class java/lang/Short done
Event: 0.040 loading class java/lang/Integer
Event: 0.040 loading class java/lang/Integer done
Event: 0.040 loading class java/lang/Long
Event: 0.041 loading class java/lang/Long done
Event: 0.041 loading class java/lang/NullPointerException
Event: 0.041 loading class java/lang/NullPointerException done
Event: 0.041 loading class java/lang/ArithmeticException
Event: 0.042 loading class java/lang/ArithmeticException done


Dynamic libraries:
0x00007ff69f9e0000 - 0x00007ff69fa17000 	E:\Program Files\Java\jdk1.8.0_121\bin\java.exe
0x00007ffcf0d10000 - 0x00007ffcf0ef0000 	C:\Windows\SYSTEM32\ntdll.dll
0x00007ffcee8e0000 - 0x00007ffcee98e000 	C:\Windows\System32\KERNEL32.DLL
0x00007ffcedda0000 - 0x00007ffcee006000 	C:\Windows\System32\KERNELBASE.dll
0x00007ffcf0b10000 - 0x00007ffcf0bb1000 	C:\Windows\System32\ADVAPI32.dll
0x00007ffcef480000 - 0x00007ffcef51d000 	C:\Windows\System32\msvcrt.dll
0x00007ffcf0ab0000 - 0x00007ffcf0b0b000 	C:\Windows\System32\sechost.dll
0x00007ffcee1e0000 - 0x00007ffcee2ff000 	C:\Windows\System32\RPCRT4.dll
0x00007ffceee40000 - 0x00007ffceefcf000 	C:\Windows\System32\USER32.dll
0x00007ffced110000 - 0x00007ffced130000 	C:\Windows\System32\win32u.dll
0x00007ffceec10000 - 0x00007ffceec38000 	C:\Windows\System32\GDI32.dll
0x00007ffceda80000 - 0x00007ffcedc13000 	C:\Windows\System32\gdi32full.dll
0x00007ffcedc20000 - 0x00007ffcedcbb000 	C:\Windows\System32\msvcp_win.dll
0x00007ffced980000 - 0x00007ffceda76000 	C:\Windows\System32\ucrtbase.dll
0x00007ffcdf140000 - 0x00007ffcdf3a9000 	C:\Windows\WinSxS\amd64_microsoft.windows.common-controls_6595b64144ccf1df_6.0.16299.371_none_15c7d1789365a290\COMCTL32.dll
0x00007ffcef000000 - 0x00007ffcef308000 	C:\Windows\System32\combase.dll
0x00007ffcedd20000 - 0x00007ffcedd92000 	C:\Windows\System32\bcryptPrimitives.dll
0x00007ffceea90000 - 0x00007ffceeabd000 	C:\Windows\System32\IMM32.DLL
0x000000006ac80000 - 0x000000006ad52000 	E:\Program Files\Java\jdk1.8.0_121\jre\bin\msvcr100.dll
0x000000006a3e0000 - 0x000000006ac7b000 	E:\Program Files\Java\jdk1.8.0_121\jre\bin\server\jvm.dll
0x00007ffceeff0000 - 0x00007ffceeff8000 	C:\Windows\System32\PSAPI.DLL
0x00007ffcebce0000 - 0x00007ffcebce9000 	C:\Windows\SYSTEM32\WSOCK32.dll
0x00007ffcee410000 - 0x00007ffcee47c000 	C:\Windows\System32\WS2_32.dll
0x00007ffce9d10000 - 0x00007ffce9d33000 	C:\Windows\SYSTEM32\WINMM.dll
0x00007ffce0450000 - 0x00007ffce045a000 	C:\Windows\SYSTEM32\VERSION.dll
0x00007ffce9cb0000 - 0x00007ffce9cda000 	C:\Windows\SYSTEM32\WINMMBASE.dll
0x00007ffced130000 - 0x00007ffced17a000 	C:\Windows\System32\cfgmgr32.dll
0x000000006a3d0000 - 0x000000006a3df000 	E:\Program Files\Java\jdk1.8.0_121\jre\bin\verify.dll
0x000000006a3a0000 - 0x000000006a3c9000 	E:\Program Files\Java\jdk1.8.0_121\jre\bin\java.dll
0x000000006a290000 - 0x000000006a2b3000 	E:\Program Files\Java\jdk1.8.0_121\jre\bin\instrument.dll
0x000000006a270000 - 0x000000006a286000 	E:\Program Files\Java\jdk1.8.0_121\jre\bin\zip.dll

VM Arguments:
jvm_args: -Dmaven.multiModuleProjectDirectory=F:\IDEA work\taotao\taotao-manager-web -Dmaven.home=E:\apache-maven-3.3.9 -Dclassworlds.conf=E:\apache-maven-3.3.9\bin\m2.conf -javaagent:E:\Program Files\JetBrains\IntelliJ IDEA 2017.3.2\lib\idea_rt.jar=50670:E:\Program Files\JetBrains\IntelliJ IDEA 2017.3.2\bin -Dfile.encoding=UTF-8 
java_command: org.codehaus.classworlds.Launcher -Didea.version=2017.3.2 -s E:\Program Files\apache-maven-3.5.2\conf\settings.xml clean tomcat7:run
java_class_path (initial): E:\apache-maven-3.3.9\boot\plexus-classworlds-2.5.2.jar;E:\Program Files\JetBrains\IntelliJ IDEA 2017.3.2\lib\idea_rt.jar
Launcher Type: SUN_STANDARD

Environment Variables:
JAVA_HOME=E:\Program Files\Java\jdk1.7.0_80
CLASSPATH=.;E:\Program Files\Java\jdk1.7.0_80\lib;E:\Program Files\Java\jdk1.7.0_80\lib\tools.jar;%TOMCAT_HOME%\BIN
PATH=E:\Program Files\Java\jdk1.7.0_80\bin;E:\apache-maven-3.3.9\bin;C:\ProgramData\Oracle\Java\javapath;C:\Windows\system32;C:\Windows;C:\Windows\System32\Wbem;C:\Windows\System32\WindowsPowerShell\v1.0\;C:\Program Files\MySQL\MySQL Server 5.6\bin;C:\Program Files (x86)\Common Files\Thunder Network\KanKan\Codecs;E:\Program Files\TortoiseGit\bin;E:\Program Files\Git\cmd;C:\Users\Administrator\AppData\Local\Microsoft\WindowsApps;
USERNAME=Administrator
OS=Windows_NT
PROCESSOR_IDENTIFIER=Intel64 Family 6 Model 61 Stepping 4, GenuineIntel



---------------  S Y S T E M  ---------------

OS: Windows 10.0 , 64 bit Build 16299 (10.0.16299.15)

CPU:total 4 (2 cores per cpu, 2 threads per core) family 6 model 61 stepping 4, cmov, cx8, fxsr, mmx, sse, sse2, sse3, ssse3, sse4.1, sse4.2, popcnt, avx, avx2, aes, clmul, erms, 3dnowpref, lzcnt, ht, tsc, tscinvbit, bmi1, bmi2, adx

Memory: 4k page, physical 8301972k(2665600k free), swap 11185556k(5948k free)

vm_info: Java HotSpot(TM) 64-Bit Server VM (25.121-b13) for windows-amd64 JRE (1.8.0_121-b13), built on Dec 12 2016 18:21:36 by "java_re" with MS VC++ 10.0 (VS2010)

time: Tue Jul 10 17:33:16 2018
elapsed time: 0 seconds (0d 0h 0m 0s)

